Build started 5/4/2013 5:09:45 PM.
     1>Project "C:\Users\supah_000\Documents\Visual Studio 2012\Projects\sudokuapp\sudokuapp\sudokuapp.vcxproj" on node 2 (Build target(s)).
     1>ClCompile:
         C:\Program Files (x86)\Microsoft Visual Studio 11.0\VC\bin\CL.exe /c /I"C:\Users\supah_000\Desktop\LaurentGomila-SFML-5c46daa\include" /Zi /nologo /W3 /WX- /O2 /Oi /Oy- /GL /D WIN32 /D NDEBUG /D _CONSOLE /D _UNICODE /D UNICODE /Gm- /EHsc /MD /GS /Gy /fp:precise /Zc:wchar_t /Zc:forScope /Fo"Release\\" /Fd"Release\vc110.pdb" /Gd /TP /analyze- /errorReport:prompt cell.cpp display.cpp generator.cpp main.cpp solver.cpp sudoku.cpp user_input.cpp
         cell.cpp
     1>cell.cpp(122): warning C4800: 'const int' : forcing value to bool 'true' or 'false' (performance warning)
         display.cpp
         generator.cpp
     1>generator.cpp(35): warning C4244: 'argument' : conversion from 'time_t' to 'unsigned int', possible loss of data
         main.cpp
         solver.cpp
         sudoku.cpp
         user_input.cpp
       ResourceCompile:
         C:\Program Files (x86)\Windows Kits\8.0\bin\x86\rc.exe /D _UNICODE /D UNICODE /l"0x0409" /nologo /fo"Release\sudokuapp.res" sudokuapp.rc 
       Link:
         C:\Program Files (x86)\Microsoft Visual Studio 11.0\VC\bin\link.exe /ERRORREPORT:PROMPT /OUT:"C:\Users\supah_000\Documents\Visual Studio 2012\Projects\sudokuapp\Release\sudokuapp.exe" /INCREMENTAL:NO /NOLOGO /LIBPATH:C:\Users\supah_000\Desktop\build\lib\Release "sfml-graphics.lib" "sfml-window.lib" "sfml-system.lib" kernel32.lib user32.lib gdi32.lib winspool.lib comdlg32.lib advapi32.lib shell32.lib ole32.lib oleaut32.lib uuid.lib odbc32.lib odbccp32.lib /MANIFEST /MANIFESTUAC:"level='asInvoker' uiAccess='false'" /manifest:embed /DEBUG /PDB:"C:\Users\supah_000\Documents\Visual Studio 2012\Projects\sudokuapp\Release\sudokuapp.pdb" /SUBSYSTEM:CONSOLE /OPT:REF /OPT:ICF /LTCG /TLBID:1 /DYNAMICBASE /NXCOMPAT /IMPLIB:"C:\Users\supah_000\Documents\Visual Studio 2012\Projects\sudokuapp\Release\sudokuapp.lib" /MACHINE:X86 /SAFESEH Release\sudokuapp.res
         Release\cell.obj
         Release\display.obj
         Release\generator.obj
         Release\main.obj
         Release\solver.obj
         Release\sudoku.obj
         Release\user_input.obj
         Generating code
         Finished generating code
         sudokuapp.vcxproj -> C:\Users\supah_000\Documents\Visual Studio 2012\Projects\sudokuapp\Release\sudokuapp.exe
     1>Done Building Project "C:\Users\supah_000\Documents\Visual Studio 2012\Projects\sudokuapp\sudokuapp\sudokuapp.vcxproj" (Build target(s)).

Build succeeded.

Time Elapsed 00:00:04.25
