C:\USERS\SUPAH_000\DOCUMENTS\VISUAL STUDIO 2012\PROJECTS\SUDOKUAPP\SUDOKUAPP\RELEASE\MAINCPP.OBJ
C:\USERS\SUPAH_000\DOCUMENTS\VISUAL STUDIO 2012\PROJECTS\SUDOKUAPP\SUDOKUAPP\RELEASE\VC110.PDB
C:\USERS\SUPAH_000\DOCUMENTS\VISUAL STUDIO 2012\PROJECTS\SUDOKUAPP\SUDOKUAPP\RELEASE\PUZZLE_DISPLAY.OBJ
C:\USERS\SUPAH_000\DOCUMENTS\VISUAL STUDIO 2012\PROJECTS\SUDOKUAPP\SUDOKUAPP\RELEASE\MAIN.OBJ
C:\USERS\SUPAH_000\DOCUMENTS\VISUAL STUDIO 2012\PROJECTS\SUDOKUAPP\SUDOKUAPP\RELEASE\USER_INPUT.OBJ
C:\USERS\SUPAH_000\DOCUMENTS\VISUAL STUDIO 2012\PROJECTS\SUDOKUAPP\SUDOKUAPP\RELEASE\SUDOKU.OBJ
C:\USERS\SUPAH_000\DOCUMENTS\VISUAL STUDIO 2012\PROJECTS\SUDOKUAPP\SUDOKUAPP\RELEASE\GENERATOR.OBJ
C:\USERS\SUPAH_000\DOCUMENTS\VISUAL STUDIO 2012\PROJECTS\SUDOKUAPP\SUDOKUAPP\RELEASE\DISPLAY.OBJ
C:\USERS\SUPAH_000\DOCUMENTS\VISUAL STUDIO 2012\PROJECTS\SUDOKUAPP\SUDOKUAPP\RELEASE\CELL.OBJ
C:\USERS\SUPAH_000\DOCUMENTS\VISUAL STUDIO 2012\PROJECTS\SUDOKUAPP\SUDOKUAPP\RELEASE\SOLVER.OBJ
D:\DROPBOX\WORKSPACE\SUDOKUAPPLICATION\SUDOKUAPP\RELEASE\SOLVER.OBJ
D:\DROPBOX\WORKSPACE\SUDOKUAPPLICATION\SUDOKUAPP\RELEASE\GENERATOR.OBJ
D:\DROPBOX\WORKSPACE\SUDOKUAPPLICATION\SUDOKUAPP\RELEASE\CELL.OBJ
C:\USERS\SUPAH_000\DOCUMENTS\VISUAL STUDIO 2012\PROJECTS\SUDOKUAPP\RELEASE\SUDOKUAPP.EXE
C:\USERS\SUPAH_000\DOCUMENTS\VISUAL STUDIO 2012\PROJECTS\SUDOKUAPP\RELEASE\SUDOKUAPP.PDB
C:\USERS\SUPAH_000\DOCUMENTS\VISUAL STUDIO 2012\PROJECTS\SUDOKUAPP\SUDOKUAPP\RELEASE\SUDOKUAPP.RES
D:\Dropbox\Workspace\sudokuapplication\sudokuapp\Release\cell.obj
D:\Dropbox\Workspace\sudokuapplication\sudokuapp\Release\display.obj
D:\Dropbox\Workspace\sudokuapplication\sudokuapp\Release\generator.obj
D:\Dropbox\Workspace\sudokuapplication\sudokuapp\Release\main.obj
D:\Dropbox\Workspace\sudokuapplication\sudokuapp\Release\maincpp.obj
D:\Dropbox\Workspace\sudokuapplication\sudokuapp\Release\puzzle_display.obj
D:\Dropbox\Workspace\sudokuapplication\sudokuapp\Release\solver.obj
D:\Dropbox\Workspace\sudokuapplication\sudokuapp\Release\sudoku.obj
D:\Dropbox\Workspace\sudokuapplication\sudokuapp\Release\user_input.obj
D:\Dropbox\Workspace\sudokuapplication\sudokuapp\Release\cl.command.1.tlog
D:\Dropbox\Workspace\sudokuapplication\sudokuapp\Release\CL.read.1.tlog
D:\Dropbox\Workspace\sudokuapplication\sudokuapp\Release\CL.write.1.tlog
D:\Dropbox\Workspace\sudokuapplication\sudokuapp\Release\link-cvtres.read.1.tlog
D:\Dropbox\Workspace\sudokuapplication\sudokuapp\Release\link-cvtres.write.1.tlog
D:\Dropbox\Workspace\sudokuapplication\sudokuapp\Release\link-rc.read.1.tlog
D:\Dropbox\Workspace\sudokuapplication\sudokuapp\Release\link-rc.write.1.tlog
D:\Dropbox\Workspace\sudokuapplication\sudokuapp\Release\link.command.1.tlog
D:\Dropbox\Workspace\sudokuapplication\sudokuapp\Release\link.read.1.tlog
D:\Dropbox\Workspace\sudokuapplication\sudokuapp\Release\link.write.1.tlog
D:\Dropbox\Workspace\sudokuapplication\sudokuapp\Release\rc.command.1.tlog
D:\Dropbox\Workspace\sudokuapplication\sudokuapp\Release\rc.read.1.tlog
D:\Dropbox\Workspace\sudokuapplication\sudokuapp\Release\rc.write.1.tlog
D:\Dropbox\Workspace\sudokuapplication\sudokuapp\Release\sudokuapp.res
D:\Dropbox\Workspace\sudokuapplication\sudokuapp\Release\vc110.pdb
D:\Dropbox\Workspace\sudokuapplication\Release\sudokuapp.pdb
D:\Dropbox\Workspace\sudokuapplication\Release\sudokuapp.exe
