Build started 5/4/2013 5:09:04 PM.
     1>Project "C:\Users\supah_000\Documents\Visual Studio 2012\Projects\sudokuapp\sudokuapp\sudokuapp.vcxproj" on node 2 (Build target(s)).
     1>ClCompile:
         C:\Program Files (x86)\Microsoft Visual Studio 11.0\VC\bin\CL.exe /c /I"C:\Users\supah_000\Desktop\LaurentGomila-SFML-5c46daa\include" /Zi /nologo /W3 /WX- /O2 /Oi /Oy- /GL /D SFML_STATIC /D _UNICODE /D UNICODE /Gm- /EHsc /MT /GS /Gy /fp:precise /Zc:wchar_t /Zc:forScope /Fo"ReleaseStatic\\" /Fd"ReleaseStatic\vc110.pdb" /Gd /TP /analyze- /errorReport:prompt solver.cpp
         solver.cpp
       ResourceCompile:
         C:\Program Files (x86)\Windows Kits\8.0\bin\x86\rc.exe /D _UNICODE /D UNICODE /l"0x0409" /nologo /fo"ReleaseStatic\sudokuapp.res" sudokuapp.rc 
       Link:
         C:\Program Files (x86)\Microsoft Visual Studio 11.0\VC\bin\link.exe /ERRORREPORT:PROMPT /OUT:"C:\Users\supah_000\Documents\Visual Studio 2012\Projects\sudokuapp\ReleaseStatic\sudokuapp.exe" /INCREMENTAL:NO /NOLOGO /LIBPATH:C:\Users\supah_000\Desktop\build\lib\Release "sfml-graphics-s.lib" "sfml-window-s.lib" "sfml-system-s.lib" kernel32.lib user32.lib gdi32.lib winspool.lib comdlg32.lib advapi32.lib shell32.lib ole32.lib oleaut32.lib uuid.lib odbc32.lib odbccp32.lib /MANIFEST /MANIFESTUAC:"level='asInvoker' uiAccess='false'" /manifest:embed /DEBUG /PDB:"C:\Users\supah_000\Documents\Visual Studio 2012\Projects\sudokuapp\ReleaseStatic\sudokuapp.pdb" /SUBSYSTEM:CONSOLE /OPT:REF /OPT:ICF /LTCG /TLBID:1 /DYNAMICBASE /NXCOMPAT /IMPLIB:"C:\Users\supah_000\Documents\Visual Studio 2012\Projects\sudokuapp\ReleaseStatic\sudokuapp.lib" /MACHINE:X86 /SAFESEH ReleaseStatic\sudokuapp.res
         ReleaseStatic\cell.obj
         ReleaseStatic\display.obj
         ReleaseStatic\generator.obj
         ReleaseStatic\main.obj
         ReleaseStatic\solver.obj
         ReleaseStatic\sudoku.obj
         ReleaseStatic\user_input.obj
         Generating code
         Finished generating code
         sudokuapp.vcxproj -> C:\Users\supah_000\Documents\Visual Studio 2012\Projects\sudokuapp\ReleaseStatic\sudokuapp.exe
     1>Done Building Project "C:\Users\supah_000\Documents\Visual Studio 2012\Projects\sudokuapp\sudokuapp\sudokuapp.vcxproj" (Build target(s)).

Build succeeded.

Time Elapsed 00:00:02.12
