C:\USERS\SUPAH_000\DOCUMENTS\VISUAL STUDIO 2012\PROJECTS\SUDOKUAPP\SUDOKUAPP\RELEASESTATIC\MAINCPP.OBJ
C:\USERS\SUPAH_000\DOCUMENTS\VISUAL STUDIO 2012\PROJECTS\SUDOKUAPP\SUDOKUAPP\RELEASESTATIC\VC110.PDB
C:\USERS\SUPAH_000\DOCUMENTS\VISUAL STUDIO 2012\PROJECTS\SUDOKUAPP\SUDOKUAPP\RELEASESTATIC\PUZZLE_DISPLAY.OBJ
C:\USERS\SUPAH_000\DOCUMENTS\VISUAL STUDIO 2012\PROJECTS\SUDOKUAPP\SUDOKUAPP\RELEASESTATIC\MAIN.OBJ
C:\USERS\SUPAH_000\DOCUMENTS\VISUAL STUDIO 2012\PROJECTS\SUDOKUAPP\SUDOKUAPP\RELEASESTATIC\DISPLAY.OBJ
C:\USERS\SUPAH_000\DOCUMENTS\VISUAL STUDIO 2012\PROJECTS\SUDOKUAPP\SUDOKUAPP\RELEASESTATIC\USER_INPUT.OBJ
C:\USERS\SUPAH_000\DOCUMENTS\VISUAL STUDIO 2012\PROJECTS\SUDOKUAPP\SUDOKUAPP\RELEASESTATIC\GENERATOR.OBJ
C:\USERS\SUPAH_000\DOCUMENTS\VISUAL STUDIO 2012\PROJECTS\SUDOKUAPP\SUDOKUAPP\RELEASESTATIC\CELL.OBJ
C:\USERS\SUPAH_000\DOCUMENTS\VISUAL STUDIO 2012\PROJECTS\SUDOKUAPP\SUDOKUAPP\RELEASESTATIC\SUDOKU.OBJ
C:\USERS\SUPAH_000\DOCUMENTS\VISUAL STUDIO 2012\PROJECTS\SUDOKUAPP\SUDOKUAPP\RELEASESTATIC\SOLVER.OBJ
D:\DROPBOX\WORKSPACE\SUDOKUAPPLICATION\SUDOKUAPP\RELEASESTATIC\USER_INPUT.OBJ
D:\DROPBOX\WORKSPACE\SUDOKUAPPLICATION\SUDOKUAPP\RELEASESTATIC\SUDOKU.OBJ
D:\DROPBOX\WORKSPACE\SUDOKUAPPLICATION\SUDOKUAPP\RELEASESTATIC\SOLVER.OBJ
D:\DROPBOX\WORKSPACE\SUDOKUAPPLICATION\SUDOKUAPP\RELEASESTATIC\MAIN.OBJ
D:\DROPBOX\WORKSPACE\SUDOKUAPPLICATION\SUDOKUAPP\RELEASESTATIC\GENERATOR.OBJ
D:\DROPBOX\WORKSPACE\SUDOKUAPPLICATION\SUDOKUAPP\RELEASESTATIC\DISPLAY.OBJ
D:\DROPBOX\WORKSPACE\SUDOKUAPPLICATION\SUDOKUAPP\RELEASESTATIC\CELL.OBJ
D:\DROPBOX\WORKSPACE\SUDOKUAPPLICATION\SUDOKUAPP\RELEASESTATIC\VC110.PDB
C:\USERS\SUPAH_000\DOCUMENTS\VISUAL STUDIO 2012\PROJECTS\SUDOKUAPP\RELEASESTATIC\SUDOKUAPP.EXE
C:\USERS\SUPAH_000\DOCUMENTS\VISUAL STUDIO 2012\PROJECTS\SUDOKUAPP\RELEASESTATIC\SUDOKUAPP.PDB
C:\USERS\SUPAH_000\DOCUMENTS\VISUAL STUDIO 2012\PROJECTS\SUDOKUAPP\SUDOKUAPP\RELEASESTATIC\SUDOKUAPP.RES
D:\DROPBOX\WORKSPACE\SUDOKUAPPLICATION\SUDOKUAPP\RELEASESTATIC\SUDOKUAPP.RES
D:\Dropbox\Workspace\sudokuapplication\sudokuapp\ReleaseStatic\cell.obj
D:\Dropbox\Workspace\sudokuapplication\sudokuapp\ReleaseStatic\display.obj
D:\Dropbox\Workspace\sudokuapplication\sudokuapp\ReleaseStatic\generator.obj
D:\Dropbox\Workspace\sudokuapplication\sudokuapp\ReleaseStatic\main.obj
D:\Dropbox\Workspace\sudokuapplication\sudokuapp\ReleaseStatic\maincpp.obj
D:\Dropbox\Workspace\sudokuapplication\sudokuapp\ReleaseStatic\puzzle_display.obj
D:\Dropbox\Workspace\sudokuapplication\sudokuapp\ReleaseStatic\solver.obj
D:\Dropbox\Workspace\sudokuapplication\sudokuapp\ReleaseStatic\sudoku.obj
D:\Dropbox\Workspace\sudokuapplication\sudokuapp\ReleaseStatic\user_input.obj
D:\Dropbox\Workspace\sudokuapplication\sudokuapp\ReleaseStatic\cl.command.1.tlog
D:\Dropbox\Workspace\sudokuapplication\sudokuapp\ReleaseStatic\CL.read.1.tlog
D:\Dropbox\Workspace\sudokuapplication\sudokuapp\ReleaseStatic\CL.write.1.tlog
D:\Dropbox\Workspace\sudokuapplication\sudokuapp\ReleaseStatic\link-cvtres.read.1.tlog
D:\Dropbox\Workspace\sudokuapplication\sudokuapp\ReleaseStatic\link-cvtres.write.1.tlog
D:\Dropbox\Workspace\sudokuapplication\sudokuapp\ReleaseStatic\link-rc.read.1.tlog
D:\Dropbox\Workspace\sudokuapplication\sudokuapp\ReleaseStatic\link-rc.write.1.tlog
D:\Dropbox\Workspace\sudokuapplication\sudokuapp\ReleaseStatic\link.command.1.tlog
D:\Dropbox\Workspace\sudokuapplication\sudokuapp\ReleaseStatic\link.read.1.tlog
D:\Dropbox\Workspace\sudokuapplication\sudokuapp\ReleaseStatic\link.read.3.tlog
D:\Dropbox\Workspace\sudokuapplication\sudokuapp\ReleaseStatic\link.read.4.tlog
D:\Dropbox\Workspace\sudokuapplication\sudokuapp\ReleaseStatic\link.read.5.tlog
D:\Dropbox\Workspace\sudokuapplication\sudokuapp\ReleaseStatic\link.read.6.tlog
D:\Dropbox\Workspace\sudokuapplication\sudokuapp\ReleaseStatic\link.write.1.tlog
D:\Dropbox\Workspace\sudokuapplication\sudokuapp\ReleaseStatic\rc.command.1.tlog
D:\Dropbox\Workspace\sudokuapplication\sudokuapp\ReleaseStatic\rc.read.1.tlog
D:\Dropbox\Workspace\sudokuapplication\sudokuapp\ReleaseStatic\rc.write.1.tlog
D:\Dropbox\Workspace\sudokuapplication\sudokuapp\ReleaseStatic\sudokuapp.res
D:\Dropbox\Workspace\sudokuapplication\sudokuapp\ReleaseStatic\vc110.pdb
D:\Dropbox\Workspace\sudokuapplication\ReleaseStatic\sudokuapp.pdb
