C:\USERS\SUPAH_000\DOCUMENTS\VISUAL STUDIO 2012\PROJECTS\SUDOKUAPP\SUDOKUAPP\DEBUGSTATIC\DISPLAY.OBJ
C:\USERS\SUPAH_000\DOCUMENTS\VISUAL STUDIO 2012\PROJECTS\SUDOKUAPP\SUDOKUAPP\DEBUGSTATIC\MAIN.OBJ
C:\USERS\SUPAH_000\DOCUMENTS\VISUAL STUDIO 2012\PROJECTS\SUDOKUAPP\SUDOKUAPP\DEBUGSTATIC\USER_INPUT.OBJ
C:\USERS\SUPAH_000\DOCUMENTS\VISUAL STUDIO 2012\PROJECTS\SUDOKUAPP\SUDOKUAPP\DEBUGSTATIC\VC110.PDB
C:\USERS\SUPAH_000\DOCUMENTS\VISUAL STUDIO 2012\PROJECTS\SUDOKUAPP\SUDOKUAPP\DEBUGSTATIC\CELL.OBJ
C:\USERS\SUPAH_000\DOCUMENTS\VISUAL STUDIO 2012\PROJECTS\SUDOKUAPP\SUDOKUAPP\DEBUGSTATIC\GENERATOR.OBJ
C:\USERS\SUPAH_000\DOCUMENTS\VISUAL STUDIO 2012\PROJECTS\SUDOKUAPP\SUDOKUAPP\DEBUGSTATIC\SUDOKU.OBJ
C:\USERS\SUPAH_000\DOCUMENTS\VISUAL STUDIO 2012\PROJECTS\SUDOKUAPP\DEBUGSTATIC\SUDOKUAPP.ILK
C:\USERS\SUPAH_000\DOCUMENTS\VISUAL STUDIO 2012\PROJECTS\SUDOKUAPP\DEBUGSTATIC\SUDOKUAPP.EXE
C:\USERS\SUPAH_000\DOCUMENTS\VISUAL STUDIO 2012\PROJECTS\SUDOKUAPP\DEBUGSTATIC\SUDOKUAPP.PDB
C:\Users\supah_000\documents\visual studio 2012\Projects\sudokuapp\sudokuapp\DebugStatic\cell.obj
C:\Users\supah_000\documents\visual studio 2012\Projects\sudokuapp\sudokuapp\DebugStatic\display.obj
C:\Users\supah_000\documents\visual studio 2012\Projects\sudokuapp\sudokuapp\DebugStatic\generator.obj
C:\Users\supah_000\documents\visual studio 2012\Projects\sudokuapp\sudokuapp\DebugStatic\main.obj
C:\Users\supah_000\documents\visual studio 2012\Projects\sudokuapp\sudokuapp\DebugStatic\sudoku.obj
C:\Users\supah_000\documents\visual studio 2012\Projects\sudokuapp\sudokuapp\DebugStatic\user_input.obj
C:\Users\supah_000\documents\visual studio 2012\Projects\sudokuapp\sudokuapp\DebugStatic\cl.command.1.tlog
C:\Users\supah_000\documents\visual studio 2012\Projects\sudokuapp\sudokuapp\DebugStatic\CL.read.1.tlog
C:\Users\supah_000\documents\visual studio 2012\Projects\sudokuapp\sudokuapp\DebugStatic\CL.write.1.tlog
C:\Users\supah_000\documents\visual studio 2012\Projects\sudokuapp\sudokuapp\DebugStatic\link-cvtres.read.1.tlog
C:\Users\supah_000\documents\visual studio 2012\Projects\sudokuapp\sudokuapp\DebugStatic\link-cvtres.write.1.tlog
C:\Users\supah_000\documents\visual studio 2012\Projects\sudokuapp\sudokuapp\DebugStatic\link-rc.read.1.tlog
C:\Users\supah_000\documents\visual studio 2012\Projects\sudokuapp\sudokuapp\DebugStatic\link-rc.write.1.tlog
C:\Users\supah_000\documents\visual studio 2012\Projects\sudokuapp\sudokuapp\DebugStatic\link.10556-cvtres.read.1.tlog
C:\Users\supah_000\documents\visual studio 2012\Projects\sudokuapp\sudokuapp\DebugStatic\link.10556-cvtres.write.1.tlog
C:\Users\supah_000\documents\visual studio 2012\Projects\sudokuapp\sudokuapp\DebugStatic\link.10556-rc.read.1.tlog
C:\Users\supah_000\documents\visual studio 2012\Projects\sudokuapp\sudokuapp\DebugStatic\link.10556-rc.write.1.tlog
C:\Users\supah_000\documents\visual studio 2012\Projects\sudokuapp\sudokuapp\DebugStatic\link.10556.read.1.tlog
C:\Users\supah_000\documents\visual studio 2012\Projects\sudokuapp\sudokuapp\DebugStatic\link.10556.write.1.tlog
C:\Users\supah_000\documents\visual studio 2012\Projects\sudokuapp\sudokuapp\DebugStatic\link.11112-cvtres.read.1.tlog
C:\Users\supah_000\documents\visual studio 2012\Projects\sudokuapp\sudokuapp\DebugStatic\link.11112-cvtres.write.1.tlog
C:\Users\supah_000\documents\visual studio 2012\Projects\sudokuapp\sudokuapp\DebugStatic\link.11112-rc.read.1.tlog
C:\Users\supah_000\documents\visual studio 2012\Projects\sudokuapp\sudokuapp\DebugStatic\link.11112-rc.write.1.tlog
C:\Users\supah_000\documents\visual studio 2012\Projects\sudokuapp\sudokuapp\DebugStatic\link.11112.read.1.tlog
C:\Users\supah_000\documents\visual studio 2012\Projects\sudokuapp\sudokuapp\DebugStatic\link.11112.write.1.tlog
C:\Users\supah_000\documents\visual studio 2012\Projects\sudokuapp\sudokuapp\DebugStatic\link.4252-cvtres.read.1.tlog
C:\Users\supah_000\documents\visual studio 2012\Projects\sudokuapp\sudokuapp\DebugStatic\link.4252-cvtres.write.1.tlog
C:\Users\supah_000\documents\visual studio 2012\Projects\sudokuapp\sudokuapp\DebugStatic\link.4252-rc.read.1.tlog
C:\Users\supah_000\documents\visual studio 2012\Projects\sudokuapp\sudokuapp\DebugStatic\link.4252-rc.write.1.tlog
C:\Users\supah_000\documents\visual studio 2012\Projects\sudokuapp\sudokuapp\DebugStatic\link.4252.read.1.tlog
C:\Users\supah_000\documents\visual studio 2012\Projects\sudokuapp\sudokuapp\DebugStatic\link.4252.write.1.tlog
C:\Users\supah_000\documents\visual studio 2012\Projects\sudokuapp\sudokuapp\DebugStatic\link.5268-cvtres.read.1.tlog
C:\Users\supah_000\documents\visual studio 2012\Projects\sudokuapp\sudokuapp\DebugStatic\link.5268-cvtres.write.1.tlog
C:\Users\supah_000\documents\visual studio 2012\Projects\sudokuapp\sudokuapp\DebugStatic\link.5268-rc.read.1.tlog
C:\Users\supah_000\documents\visual studio 2012\Projects\sudokuapp\sudokuapp\DebugStatic\link.5268-rc.write.1.tlog
C:\Users\supah_000\documents\visual studio 2012\Projects\sudokuapp\sudokuapp\DebugStatic\link.5268.read.1.tlog
C:\Users\supah_000\documents\visual studio 2012\Projects\sudokuapp\sudokuapp\DebugStatic\link.5268.write.1.tlog
C:\Users\supah_000\documents\visual studio 2012\Projects\sudokuapp\sudokuapp\DebugStatic\link.8732-cvtres.read.1.tlog
C:\Users\supah_000\documents\visual studio 2012\Projects\sudokuapp\sudokuapp\DebugStatic\link.8732-cvtres.write.1.tlog
C:\Users\supah_000\documents\visual studio 2012\Projects\sudokuapp\sudokuapp\DebugStatic\link.8732-rc.read.1.tlog
C:\Users\supah_000\documents\visual studio 2012\Projects\sudokuapp\sudokuapp\DebugStatic\link.8732-rc.write.1.tlog
C:\Users\supah_000\documents\visual studio 2012\Projects\sudokuapp\sudokuapp\DebugStatic\link.8732.read.1.tlog
C:\Users\supah_000\documents\visual studio 2012\Projects\sudokuapp\sudokuapp\DebugStatic\link.8732.write.1.tlog
C:\Users\supah_000\documents\visual studio 2012\Projects\sudokuapp\sudokuapp\DebugStatic\link.9500-cvtres.read.1.tlog
C:\Users\supah_000\documents\visual studio 2012\Projects\sudokuapp\sudokuapp\DebugStatic\link.9500-cvtres.write.1.tlog
C:\Users\supah_000\documents\visual studio 2012\Projects\sudokuapp\sudokuapp\DebugStatic\link.9500-rc.read.1.tlog
C:\Users\supah_000\documents\visual studio 2012\Projects\sudokuapp\sudokuapp\DebugStatic\link.9500-rc.write.1.tlog
C:\Users\supah_000\documents\visual studio 2012\Projects\sudokuapp\sudokuapp\DebugStatic\link.9500.read.1.tlog
C:\Users\supah_000\documents\visual studio 2012\Projects\sudokuapp\sudokuapp\DebugStatic\link.9500.write.1.tlog
C:\Users\supah_000\documents\visual studio 2012\Projects\sudokuapp\sudokuapp\DebugStatic\link.9740-cvtres.read.1.tlog
C:\Users\supah_000\documents\visual studio 2012\Projects\sudokuapp\sudokuapp\DebugStatic\link.9740-cvtres.write.1.tlog
C:\Users\supah_000\documents\visual studio 2012\Projects\sudokuapp\sudokuapp\DebugStatic\link.9740-rc.read.1.tlog
C:\Users\supah_000\documents\visual studio 2012\Projects\sudokuapp\sudokuapp\DebugStatic\link.9740-rc.write.1.tlog
C:\Users\supah_000\documents\visual studio 2012\Projects\sudokuapp\sudokuapp\DebugStatic\link.9740.read.1.tlog
C:\Users\supah_000\documents\visual studio 2012\Projects\sudokuapp\sudokuapp\DebugStatic\link.9740.write.1.tlog
C:\Users\supah_000\documents\visual studio 2012\Projects\sudokuapp\sudokuapp\DebugStatic\link.command.1.tlog
C:\Users\supah_000\documents\visual studio 2012\Projects\sudokuapp\sudokuapp\DebugStatic\link.read.1.tlog
C:\Users\supah_000\documents\visual studio 2012\Projects\sudokuapp\sudokuapp\DebugStatic\link.write.1.tlog
C:\Users\supah_000\documents\visual studio 2012\Projects\sudokuapp\sudokuapp\DebugStatic\vc110.idb
C:\Users\supah_000\documents\visual studio 2012\Projects\sudokuapp\sudokuapp\DebugStatic\vc110.pdb
C:\Users\supah_000\documents\visual studio 2012\Projects\sudokuapp\DebugStatic\sudokuapp.pdb
C:\Users\supah_000\documents\visual studio 2012\Projects\sudokuapp\DebugStatic\sudokuapp.exe
C:\Users\supah_000\documents\visual studio 2012\Projects\sudokuapp\DebugStatic\sudokuapp.ilk
