C:\USERS\SUPAH_000\DOCUMENTS\VISUAL STUDIO 2012\PROJECTS\SUDOKUAPP\SUDOKUAPP\DEBUG\MAINCPP.OBJ
C:\USERS\SUPAH_000\DOCUMENTS\VISUAL STUDIO 2012\PROJECTS\SUDOKUAPP\SUDOKUAPP\DEBUG\VC110.PDB
C:\USERS\SUPAH_000\DOCUMENTS\VISUAL STUDIO 2012\PROJECTS\SUDOKUAPP\SUDOKUAPP\DEBUG\CELL.OBJ
C:\USERS\SUPAH_000\DOCUMENTS\VISUAL STUDIO 2012\PROJECTS\SUDOKUAPP\SUDOKUAPP\DEBUG\DISPLAY.OBJ
C:\USERS\SUPAH_000\DOCUMENTS\VISUAL STUDIO 2012\PROJECTS\SUDOKUAPP\SUDOKUAPP\DEBUG\GENERATOR.OBJ
C:\USERS\SUPAH_000\DOCUMENTS\VISUAL STUDIO 2012\PROJECTS\SUDOKUAPP\SUDOKUAPP\DEBUG\MAIN.OBJ
C:\USERS\SUPAH_000\DOCUMENTS\VISUAL STUDIO 2012\PROJECTS\SUDOKUAPP\SUDOKUAPP\DEBUG\SUDOKU.OBJ
C:\USERS\SUPAH_000\DOCUMENTS\VISUAL STUDIO 2012\PROJECTS\SUDOKUAPP\SUDOKUAPP\DEBUG\USER_INPUT.OBJ
C:\USERS\SUPAH_000\DOCUMENTS\VISUAL STUDIO 2012\PROJECTS\SUDOKUAPP\SUDOKUAPP\DEBUG\SOLVER.OBJ
C:\USERS\SUPAH_000\DOCUMENTS\VISUAL STUDIO 2012\PROJECTS\SUDOKUAPP\DEBUG\SUDOKUAPP.ILK
C:\USERS\SUPAH_000\DOCUMENTS\VISUAL STUDIO 2012\PROJECTS\SUDOKUAPP\DEBUG\SUDOKUAPP.EXE
C:\USERS\SUPAH_000\DOCUMENTS\VISUAL STUDIO 2012\PROJECTS\SUDOKUAPP\DEBUG\SUDOKUAPP.PDB
C:\USERS\SUPAH_000\DOCUMENTS\VISUAL STUDIO 2012\PROJECTS\SUDOKUAPP\SUDOKUAPP\DEBUG\SUDOKUAPP.RES
D:\Dropbox\Workspace\sudokuapplication\sudokuapp\Debug\cell.obj
D:\Dropbox\Workspace\sudokuapplication\sudokuapp\Debug\display.obj
D:\Dropbox\Workspace\sudokuapplication\sudokuapp\Debug\generator.obj
D:\Dropbox\Workspace\sudokuapplication\sudokuapp\Debug\main.obj
D:\Dropbox\Workspace\sudokuapplication\sudokuapp\Debug\maincpp.obj
D:\Dropbox\Workspace\sudokuapplication\sudokuapp\Debug\solver.obj
D:\Dropbox\Workspace\sudokuapplication\sudokuapp\Debug\sudoku.obj
D:\Dropbox\Workspace\sudokuapplication\sudokuapp\Debug\user_input.obj
D:\Dropbox\Workspace\sudokuapplication\sudokuapp\Debug\cl.command.1.tlog
D:\Dropbox\Workspace\sudokuapplication\sudokuapp\Debug\CL.read.1.tlog
D:\Dropbox\Workspace\sudokuapplication\sudokuapp\Debug\CL.write.1.tlog
D:\Dropbox\Workspace\sudokuapplication\sudokuapp\Debug\link-cvtres.read.1.tlog
D:\Dropbox\Workspace\sudokuapplication\sudokuapp\Debug\link-cvtres.write.1.tlog
D:\Dropbox\Workspace\sudokuapplication\sudokuapp\Debug\link-rc.read.1.tlog
D:\Dropbox\Workspace\sudokuapplication\sudokuapp\Debug\link-rc.write.1.tlog
D:\Dropbox\Workspace\sudokuapplication\sudokuapp\Debug\link.2844-cvtres.read.1.tlog
D:\Dropbox\Workspace\sudokuapplication\sudokuapp\Debug\link.2844-cvtres.write.1.tlog
D:\Dropbox\Workspace\sudokuapplication\sudokuapp\Debug\link.2844-rc.read.1.tlog
D:\Dropbox\Workspace\sudokuapplication\sudokuapp\Debug\link.2844-rc.write.1.tlog
D:\Dropbox\Workspace\sudokuapplication\sudokuapp\Debug\link.2844.read.1.tlog
D:\Dropbox\Workspace\sudokuapplication\sudokuapp\Debug\link.2844.write.1.tlog
D:\Dropbox\Workspace\sudokuapplication\sudokuapp\Debug\link.command.1.tlog
D:\Dropbox\Workspace\sudokuapplication\sudokuapp\Debug\link.read.1.tlog
D:\Dropbox\Workspace\sudokuapplication\sudokuapp\Debug\link.write.1.tlog
D:\Dropbox\Workspace\sudokuapplication\sudokuapp\Debug\rc.command.1.tlog
D:\Dropbox\Workspace\sudokuapplication\sudokuapp\Debug\rc.read.1.tlog
D:\Dropbox\Workspace\sudokuapplication\sudokuapp\Debug\rc.write.1.tlog
D:\Dropbox\Workspace\sudokuapplication\sudokuapp\Debug\sudokuapp.res
D:\Dropbox\Workspace\sudokuapplication\sudokuapp\Debug\vc110.idb
D:\Dropbox\Workspace\sudokuapplication\sudokuapp\Debug\vc110.pdb
D:\Dropbox\Workspace\sudokuapplication\Debug\sudokuapp.pdb
D:\Dropbox\Workspace\sudokuapplication\Debug\sudokuapp.exe
D:\Dropbox\Workspace\sudokuapplication\Debug\sudokuapp.ilk
